2018-06-01 09:31:27 -Starting HousewebApplication on EDZ-20180112RDD with PID 5344 (D:\workspace\bootdo\HouseWeb\target\classes started by Administrator in D:\workspace\bootdo\HouseWeb)
2018-06-01 09:31:27 -Running with Spring Boot v1.5.9.RELEASE, Spring v4.3.13.RELEASE
2018-06-01 09:31:27 -No active profile set, falling back to default profiles: default
2018-06-01 09:31:27 -HV000001: Hibernate Validator 5.3.6.Final
2018-06-01 09:31:27 -Refreshing org.springframework.boot.context.embedded.AnnotationConfigEmbeddedWebApplicationContext@56b2d9d: startup date [Fri Jun 01 09:31:27 CST 2018]; root of context hierarchy
2018-06-01 09:31:31 -Tomcat initialized with port(s): 80 (http)
2018-06-01 09:31:31 -Starting service [Tomcat]
2018-06-01 09:31:31 -Starting Servlet Engine: Apache Tomcat/8.5.23
2018-06-01 09:31:31 -Initializing Spring embedded WebApplicationContext
2018-06-01 09:31:31 -Root WebApplicationContext: initialization completed in 3641 ms
2018-06-01 09:31:31 -Mapping servlet: 'dispatcherServlet' to [/]
2018-06-01 09:31:31 -Mapping filter: 'characterEncodingFilter' to: [/*]
2018-06-01 09:31:32 ->>>>>>>>>>>>>>>>>>>>>>Druid DataSource init>>>>>>>>>>>
2018-06-01 09:31:33 -Mapped "{[/house/add],methods=[GET]}" onto public java.lang.String com.rongshu.houseweb.controller.HouseController.add()
2018-06-01 09:31:33 -Mapped "{[/house/list],methods=[GET]}" onto public java.lang.String com.rongshu.houseweb.controller.HouseController.list()
2018-06-01 09:31:33 -Mapped "{[/house/save],methods=[POST]}" onto public java.lang.String com.rongshu.houseweb.controller.HouseController.save(javax.servlet.http.HttpServletRequest,com.rongshu.houseweb.entity.HouseInfo,org.springframework.ui.Model)
2018-06-01 09:31:33 -Mapped "{[/house/query],methods=[GET]}" onto public com.rongshu.houseweb.vo.EasyUIResult com.rongshu.houseweb.controller.HouseController.query(java.lang.Integer,java.lang.Integer)
2018-06-01 09:31:33 -Mapped "{[/house/edit],methods=[GET]}" onto public java.lang.String com.rongshu.houseweb.controller.HouseController.edit(java.lang.Long)
2018-06-01 09:31:33 -Mapped "{[/house/delete]}" onto public com.rongshu.houseweb.vo.SysResult com.rongshu.houseweb.controller.HouseController.deleteItem(java.lang.Long[])
2018-06-01 09:31:33 -Mapped "{[/index/home],methods=[GET]}" onto public java.lang.String com.rongshu.houseweb.controller.IndexController.home()
2018-06-01 09:31:33 -Mapped "{[/pic/upload]}" onto public com.rongshu.houseweb.vo.PicUploadResult com.rongshu.houseweb.controller.PicUploadController.picUpload(org.springframework.web.multipart.MultipartFile)
2018-06-01 09:31:33 -Mapped "{[/user/login],methods=[GET]}" onto public java.lang.String com.rongshu.houseweb.controller.UserController.login()
2018-06-01 09:31:33 -Mapped "{[/user/doLogin],methods=[POST]}" onto public java.lang.String com.rongshu.houseweb.controller.UserController.doLogin(java.lang.String,java.lang.String,org.springframework.ui.Model,org.apache.catalina.servlet4preview.http.HttpServletRequest)
2018-06-01 09:31:33 -Mapped "{[/error]}" onto public org.springframework.http.ResponseEntity<java.util.Map<java.lang.String, java.lang.Object>> org.springframework.boot.autoconfigure.web.BasicErrorController.error(javax.servlet.http.HttpServletRequest)
2018-06-01 09:31:33 -Mapped "{[/error],produces=[text/html]}" onto public org.springframework.web.servlet.ModelAndView org.springframework.boot.autoconfigure.web.BasicErrorController.errorHtml(javax.servlet.http.HttpServletRequest,javax.servlet.http.HttpServletResponse)
2018-06-01 09:31:33 -Mapped URL path [/static/**] onto handler of type [class org.springframework.web.servlet.resource.ResourceHttpRequestHandler]
2018-06-01 09:31:33 -Mapped URL path [/templates/**] onto handler of type [class org.springframework.web.servlet.resource.ResourceHttpRequestHandler]
2018-06-01 09:31:33 -Looking for @ControllerAdvice: org.springframework.boot.context.embedded.AnnotationConfigEmbeddedWebApplicationContext@56b2d9d: startup date [Fri Jun 01 09:31:27 CST 2018]; root of context hierarchy
2018-06-01 09:31:35 -LiveReload server is running on port 35729
2018-06-01 09:31:35 -Registering beans for JMX exposure on startup
2018-06-01 09:31:35 -Bean with name 'druidDataSource' has been autodetected for JMX exposure
2018-06-01 09:31:35 -Located MBean 'druidDataSource': registering with JMX server as MBean [com.alibaba.druid.pool:name=druidDataSource,type=DruidDataSource]
2018-06-01 09:31:35 -Initializing ProtocolHandler ["http-nio-80"]
2018-06-01 09:31:35 -Starting ProtocolHandler ["http-nio-80"]
2018-06-01 09:31:35 -Using a shared selector for servlet write/read
2018-06-01 09:31:35 -Tomcat started on port(s): 80 (http)
2018-06-01 09:31:35 -Started HousewebApplication in 9.034 seconds (JVM running for 13.901)
2018-06-01 09:31:57 -Starting HousewebApplication on EDZ-20180112RDD with PID 9528 (D:\workspace\bootdo\HouseWeb\target\classes started by Administrator in D:\workspace\bootdo\HouseWeb)
2018-06-01 09:31:57 -Running with Spring Boot v1.5.9.RELEASE, Spring v4.3.13.RELEASE
2018-06-01 09:31:57 -No active profile set, falling back to default profiles: default
2018-06-01 09:31:57 -Refreshing org.springframework.boot.context.embedded.AnnotationConfigEmbeddedWebApplicationContext@1e8e0afc: startup date [Fri Jun 01 09:31:57 CST 2018]; root of context hierarchy
2018-06-01 09:31:57 -HV000001: Hibernate Validator 5.3.6.Final
2018-06-01 09:32:00 -Tomcat initialized with port(s): 80 (http)
2018-06-01 09:32:00 -Starting service [Tomcat]
2018-06-01 09:32:00 -Starting Servlet Engine: Apache Tomcat/8.5.23
2018-06-01 09:32:00 -Initializing Spring embedded WebApplicationContext
2018-06-01 09:32:00 -Root WebApplicationContext: initialization completed in 2504 ms
2018-06-01 09:32:00 -Mapping servlet: 'dispatcherServlet' to [/]
2018-06-01 09:32:00 -Mapping filter: 'characterEncodingFilter' to: [/*]
2018-06-01 09:32:01 ->>>>>>>>>>>>>>>>>>>>>>Druid DataSource init>>>>>>>>>>>
2018-06-01 09:32:01 -Mapped "{[/house/add],methods=[GET]}" onto public java.lang.String com.rongshu.houseweb.controller.HouseController.add()
2018-06-01 09:32:01 -Mapped "{[/house/list],methods=[GET]}" onto public java.lang.String com.rongshu.houseweb.controller.HouseController.list()
2018-06-01 09:32:01 -Mapped "{[/house/save],methods=[POST]}" onto public java.lang.String com.rongshu.houseweb.controller.HouseController.save(javax.servlet.http.HttpServletRequest,com.rongshu.houseweb.entity.HouseInfo,org.springframework.ui.Model)
2018-06-01 09:32:01 -Mapped "{[/house/query],methods=[GET]}" onto public com.rongshu.houseweb.vo.EasyUIResult com.rongshu.houseweb.controller.HouseController.query(java.lang.Integer,java.lang.Integer)
2018-06-01 09:32:01 -Mapped "{[/house/edit],methods=[GET]}" onto public java.lang.String com.rongshu.houseweb.controller.HouseController.edit(java.lang.Long)
2018-06-01 09:32:01 -Mapped "{[/house/delete]}" onto public com.rongshu.houseweb.vo.SysResult com.rongshu.houseweb.controller.HouseController.deleteItem(java.lang.Long[])
2018-06-01 09:32:01 -Mapped "{[/index/home],methods=[GET]}" onto public java.lang.String com.rongshu.houseweb.controller.IndexController.home()
2018-06-01 09:32:01 -Mapped "{[/pic/upload]}" onto public com.rongshu.houseweb.vo.PicUploadResult com.rongshu.houseweb.controller.PicUploadController.picUpload(org.springframework.web.multipart.MultipartFile)
2018-06-01 09:32:01 -Mapped "{[/user/doLogin],methods=[POST]}" onto public java.lang.String com.rongshu.houseweb.controller.UserController.doLogin(java.lang.String,java.lang.String,org.springframework.ui.Model,org.apache.catalina.servlet4preview.http.HttpServletRequest)
2018-06-01 09:32:01 -Mapped "{[/user/login],methods=[GET]}" onto public java.lang.String com.rongshu.houseweb.controller.UserController.login()
2018-06-01 09:32:01 -Mapped "{[/error]}" onto public org.springframework.http.ResponseEntity<java.util.Map<java.lang.String, java.lang.Object>> org.springframework.boot.autoconfigure.web.BasicErrorController.error(javax.servlet.http.HttpServletRequest)
2018-06-01 09:32:01 -Mapped "{[/error],produces=[text/html]}" onto public org.springframework.web.servlet.ModelAndView org.springframework.boot.autoconfigure.web.BasicErrorController.errorHtml(javax.servlet.http.HttpServletRequest,javax.servlet.http.HttpServletResponse)
2018-06-01 09:32:01 -Mapped URL path [/static/**] onto handler of type [class org.springframework.web.servlet.resource.ResourceHttpRequestHandler]
2018-06-01 09:32:01 -Mapped URL path [/templates/**] onto handler of type [class org.springframework.web.servlet.resource.ResourceHttpRequestHandler]
2018-06-01 09:32:01 -Looking for @ControllerAdvice: org.springframework.boot.context.embedded.AnnotationConfigEmbeddedWebApplicationContext@1e8e0afc: startup date [Fri Jun 01 09:31:57 CST 2018]; root of context hierarchy
2018-06-01 09:32:03 -LiveReload server is running on port 35729
2018-06-01 09:32:03 -Registering beans for JMX exposure on startup
2018-06-01 09:32:03 -Bean with name 'druidDataSource' has been autodetected for JMX exposure
2018-06-01 09:32:03 -Located MBean 'druidDataSource': registering with JMX server as MBean [com.alibaba.druid.pool:name=druidDataSource,type=DruidDataSource]
2018-06-01 09:32:03 -Initializing ProtocolHandler ["http-nio-80"]
2018-06-01 09:32:03 -Starting ProtocolHandler ["http-nio-80"]
2018-06-01 09:32:03 -Using a shared selector for servlet write/read
2018-06-01 09:32:03 -Tomcat started on port(s): 80 (http)
2018-06-01 09:32:03 -Started HousewebApplication in 6.924 seconds (JVM running for 9.338)
2018-06-01 09:32:12 -Initializing Spring FrameworkServlet 'dispatcherServlet'
2018-06-01 09:32:12 -FrameworkServlet 'dispatcherServlet': initialization started
2018-06-01 09:32:12 -FrameworkServlet 'dispatcherServlet': initialization completed in 34 ms
2018-06-01 09:32:12 -No mapping found for HTTP request with URI [/] in DispatcherServlet with name 'dispatcherServlet'
2018-06-01 09:32:13 -No mapping found for HTTP request with URI [/favicon.ico] in DispatcherServlet with name 'dispatcherServlet'
2018-06-01 09:32:15 -[THYMELEAF] INITIALIZING TEMPLATE ENGINE
2018-06-01 09:32:15 -[THYMELEAF] INITIALIZING TEMPLATE RESOLVER: org.thymeleaf.spring4.templateresolver.SpringResourceTemplateResolver
2018-06-01 09:32:15 -[THYMELEAF] TEMPLATE RESOLVER INITIALIZED OK
2018-06-01 09:32:15 -[THYMELEAF] INITIALIZING MESSAGE RESOLVER: org.thymeleaf.spring4.messageresolver.SpringMessageResolver
2018-06-01 09:32:15 -[THYMELEAF] MESSAGE RESOLVER INITIALIZED OK
2018-06-01 09:32:15 -[THYMELEAF] TEMPLATE ENGINE CONFIGURATION:
[THYMELEAF] * Cache Factory implementation: org.thymeleaf.cache.StandardCacheManager
[THYMELEAF] * Template modes:
[THYMELEAF]     * XHTML
[THYMELEAF]     * HTML5
[THYMELEAF]     * XML
[THYMELEAF]     * VALIDXML
[THYMELEAF]     * VALIDXHTML
[THYMELEAF]     * LEGACYHTML5
[THYMELEAF] * Template resolvers (in order):
[THYMELEAF]     * org.thymeleaf.spring4.templateresolver.SpringResourceTemplateResolver
[THYMELEAF] * Message resolvers (in order):
[THYMELEAF]     * org.thymeleaf.spring4.messageresolver.SpringMessageResolver
[THYMELEAF] * Dialect [1 of 2]: org.thymeleaf.spring4.dialect.SpringStandardDialect
[THYMELEAF]     * Prefix: "th"
[THYMELEAF] * Dialect [2 of 2]: nz.net.ultraq.thymeleaf.LayoutDialect
[THYMELEAF]     * Prefix: "layout"
[THYMELEAF] TEMPLATE ENGINE CONFIGURED OK
2018-06-01 09:32:15 -[THYMELEAF] TEMPLATE ENGINE INITIALIZED
2018-06-01 09:32:17 -{dataSource-1} inited
2018-06-01 09:32:17 -==>  Preparing: SELECT * FROM house_user WHERE username= ? AND password = ? 
2018-06-01 09:32:17 -==> Parameters: admin(String), 7c3a1f46b0d1f5b07db1e5ecad6a08c1(String)
2018-06-01 09:32:17 -<==      Total: 1
2018-06-01 09:38:34 -Starting HousewebApplication on EDZ-20180112RDD with PID 8256 (D:\workspace\bootdo\HouseWeb\target\classes started by Administrator in D:\workspace\bootdo\HouseWeb)
2018-06-01 09:38:34 -Running with Spring Boot v1.5.9.RELEASE, Spring v4.3.13.RELEASE
2018-06-01 09:38:34 -No active profile set, falling back to default profiles: default
2018-06-01 09:38:35 -HV000001: Hibernate Validator 5.3.6.Final
2018-06-01 09:38:35 -Refreshing org.springframework.boot.context.embedded.AnnotationConfigEmbeddedWebApplicationContext@1983f0aa: startup date [Fri Jun 01 09:38:35 CST 2018]; root of context hierarchy
2018-06-01 09:38:37 -Tomcat initialized with port(s): 80 (http)
2018-06-01 09:38:37 -Starting service [Tomcat]
2018-06-01 09:38:37 -Starting Servlet Engine: Apache Tomcat/8.5.23
2018-06-01 09:38:37 -Initializing Spring embedded WebApplicationContext
2018-06-01 09:38:37 -Root WebApplicationContext: initialization completed in 2504 ms
2018-06-01 09:38:37 -Mapping servlet: 'dispatcherServlet' to [/]
2018-06-01 09:38:37 -Mapping filter: 'characterEncodingFilter' to: [/*]
2018-06-01 09:38:38 ->>>>>>>>>>>>>>>>>>>>>>Druid DataSource init>>>>>>>>>>>
2018-06-01 09:38:39 -Mapped "{[/house/add],methods=[GET]}" onto public java.lang.String com.rongshu.houseweb.controller.HouseController.add()
2018-06-01 09:38:39 -Mapped "{[/house/list],methods=[GET]}" onto public java.lang.String com.rongshu.houseweb.controller.HouseController.list()
2018-06-01 09:38:39 -Mapped "{[/house/save],methods=[POST]}" onto public java.lang.String com.rongshu.houseweb.controller.HouseController.save(javax.servlet.http.HttpServletRequest,com.rongshu.houseweb.entity.HouseInfo,org.springframework.ui.Model)
2018-06-01 09:38:39 -Mapped "{[/house/query],methods=[GET]}" onto public com.rongshu.houseweb.vo.EasyUIResult com.rongshu.houseweb.controller.HouseController.query(java.lang.Integer,java.lang.Integer)
2018-06-01 09:38:39 -Mapped "{[/house/edit],methods=[GET]}" onto public java.lang.String com.rongshu.houseweb.controller.HouseController.edit(java.lang.Long)
2018-06-01 09:38:39 -Mapped "{[/house/delete]}" onto public com.rongshu.houseweb.vo.SysResult com.rongshu.houseweb.controller.HouseController.deleteItem(java.lang.Long[])
2018-06-01 09:38:39 -Mapped "{[/index/home],methods=[GET]}" onto public java.lang.String com.rongshu.houseweb.controller.IndexController.home()
2018-06-01 09:38:39 -Mapped "{[/pic/upload]}" onto public com.rongshu.houseweb.vo.PicUploadResult com.rongshu.houseweb.controller.PicUploadController.picUpload(org.springframework.web.multipart.MultipartFile)
2018-06-01 09:38:39 -Mapped "{[/user/doLogin],methods=[POST]}" onto public java.lang.String com.rongshu.houseweb.controller.UserController.doLogin(java.lang.String,java.lang.String,org.springframework.ui.Model,org.apache.catalina.servlet4preview.http.HttpServletRequest)
2018-06-01 09:38:39 -Mapped "{[/user/login],methods=[GET]}" onto public java.lang.String com.rongshu.houseweb.controller.UserController.login()
2018-06-01 09:38:39 -Mapped "{[/error]}" onto public org.springframework.http.ResponseEntity<java.util.Map<java.lang.String, java.lang.Object>> org.springframework.boot.autoconfigure.web.BasicErrorController.error(javax.servlet.http.HttpServletRequest)
2018-06-01 09:38:39 -Mapped "{[/error],produces=[text/html]}" onto public org.springframework.web.servlet.ModelAndView org.springframework.boot.autoconfigure.web.BasicErrorController.errorHtml(javax.servlet.http.HttpServletRequest,javax.servlet.http.HttpServletResponse)
2018-06-01 09:38:39 -Mapped URL path [/static/**] onto handler of type [class org.springframework.web.servlet.resource.ResourceHttpRequestHandler]
2018-06-01 09:38:39 -Mapped URL path [/templates/**] onto handler of type [class org.springframework.web.servlet.resource.ResourceHttpRequestHandler]
2018-06-01 09:38:39 -Looking for @ControllerAdvice: org.springframework.boot.context.embedded.AnnotationConfigEmbeddedWebApplicationContext@1983f0aa: startup date [Fri Jun 01 09:38:35 CST 2018]; root of context hierarchy
2018-06-01 09:38:40 -LiveReload server is running on port 35729
2018-06-01 09:38:40 -Registering beans for JMX exposure on startup
2018-06-01 09:38:40 -Bean with name 'druidDataSource' has been autodetected for JMX exposure
2018-06-01 09:38:40 -Located MBean 'druidDataSource': registering with JMX server as MBean [com.alibaba.druid.pool:name=druidDataSource,type=DruidDataSource]
2018-06-01 09:38:40 -Initializing ProtocolHandler ["http-nio-80"]
2018-06-01 09:38:40 -Starting ProtocolHandler ["http-nio-80"]
2018-06-01 09:38:40 -Using a shared selector for servlet write/read
2018-06-01 09:38:40 -Tomcat started on port(s): 80 (http)
2018-06-01 09:38:40 -Started HousewebApplication in 6.78 seconds (JVM running for 9.272)
2018-06-01 09:38:47 -Initializing Spring FrameworkServlet 'dispatcherServlet'
2018-06-01 09:38:47 -FrameworkServlet 'dispatcherServlet': initialization started
2018-06-01 09:38:47 -FrameworkServlet 'dispatcherServlet': initialization completed in 29 ms
2018-06-01 09:38:47 -[THYMELEAF] INITIALIZING TEMPLATE ENGINE
2018-06-01 09:38:47 -[THYMELEAF] INITIALIZING TEMPLATE RESOLVER: org.thymeleaf.spring4.templateresolver.SpringResourceTemplateResolver
2018-06-01 09:38:47 -[THYMELEAF] TEMPLATE RESOLVER INITIALIZED OK
2018-06-01 09:38:47 -[THYMELEAF] INITIALIZING MESSAGE RESOLVER: org.thymeleaf.spring4.messageresolver.SpringMessageResolver
2018-06-01 09:38:47 -[THYMELEAF] MESSAGE RESOLVER INITIALIZED OK
2018-06-01 09:38:47 -[THYMELEAF] TEMPLATE ENGINE CONFIGURATION:
[THYMELEAF] * Cache Factory implementation: org.thymeleaf.cache.StandardCacheManager
[THYMELEAF] * Template modes:
[THYMELEAF]     * XML
[THYMELEAF]     * XHTML
[THYMELEAF]     * VALIDXHTML
[THYMELEAF]     * HTML5
[THYMELEAF]     * LEGACYHTML5
[THYMELEAF]     * VALIDXML
[THYMELEAF] * Template resolvers (in order):
[THYMELEAF]     * org.thymeleaf.spring4.templateresolver.SpringResourceTemplateResolver
[THYMELEAF] * Message resolvers (in order):
[THYMELEAF]     * org.thymeleaf.spring4.messageresolver.SpringMessageResolver
[THYMELEAF] * Dialect [1 of 2]: org.thymeleaf.spring4.dialect.SpringStandardDialect
[THYMELEAF]     * Prefix: "th"
[THYMELEAF] * Dialect [2 of 2]: nz.net.ultraq.thymeleaf.LayoutDialect
[THYMELEAF]     * Prefix: "layout"
[THYMELEAF] TEMPLATE ENGINE CONFIGURED OK
2018-06-01 09:38:47 -[THYMELEAF] TEMPLATE ENGINE INITIALIZED
2018-06-01 09:39:39 -Starting HousewebApplication on EDZ-20180112RDD with PID 9980 (D:\workspace\bootdo\HouseWeb\target\classes started by Administrator in D:\workspace\bootdo\HouseWeb)
2018-06-01 09:39:39 -Running with Spring Boot v1.5.9.RELEASE, Spring v4.3.13.RELEASE
2018-06-01 09:39:39 -No active profile set, falling back to default profiles: default
2018-06-01 09:39:39 -Refreshing org.springframework.boot.context.embedded.AnnotationConfigEmbeddedWebApplicationContext@120e9696: startup date [Fri Jun 01 09:39:39 CST 2018]; root of context hierarchy
2018-06-01 09:39:40 -HV000001: Hibernate Validator 5.3.6.Final
2018-06-01 09:39:42 -Tomcat initialized with port(s): 80 (http)
2018-06-01 09:39:42 -Starting service [Tomcat]
2018-06-01 09:39:42 -Starting Servlet Engine: Apache Tomcat/8.5.23
2018-06-01 09:39:42 -Initializing Spring embedded WebApplicationContext
2018-06-01 09:39:42 -Root WebApplicationContext: initialization completed in 2866 ms
2018-06-01 09:39:42 -Mapping servlet: 'dispatcherServlet' to [/]
2018-06-01 09:39:42 -Mapping filter: 'characterEncodingFilter' to: [/*]
2018-06-01 09:39:43 ->>>>>>>>>>>>>>>>>>>>>>Druid DataSource init>>>>>>>>>>>
2018-06-01 09:39:43 -Mapped "{[/house/add],methods=[GET]}" onto public java.lang.String com.rongshu.houseweb.controller.HouseController.add()
2018-06-01 09:39:43 -Mapped "{[/house/list],methods=[GET]}" onto public java.lang.String com.rongshu.houseweb.controller.HouseController.list()
2018-06-01 09:39:43 -Mapped "{[/house/save],methods=[POST]}" onto public java.lang.String com.rongshu.houseweb.controller.HouseController.save(javax.servlet.http.HttpServletRequest,com.rongshu.houseweb.entity.HouseInfo,org.springframework.ui.Model)
2018-06-01 09:39:43 -Mapped "{[/house/query],methods=[GET]}" onto public com.rongshu.houseweb.vo.EasyUIResult com.rongshu.houseweb.controller.HouseController.query(java.lang.Integer,java.lang.Integer)
2018-06-01 09:39:43 -Mapped "{[/house/edit],methods=[GET]}" onto public java.lang.String com.rongshu.houseweb.controller.HouseController.edit(java.lang.Long)
2018-06-01 09:39:43 -Mapped "{[/house/delete]}" onto public com.rongshu.houseweb.vo.SysResult com.rongshu.houseweb.controller.HouseController.deleteItem(java.lang.Long[])
2018-06-01 09:39:43 -Mapped "{[/index/home],methods=[GET]}" onto public java.lang.String com.rongshu.houseweb.controller.IndexController.home()
2018-06-01 09:39:43 -Mapped "{[/pic/upload]}" onto public com.rongshu.houseweb.vo.PicUploadResult com.rongshu.houseweb.controller.PicUploadController.picUpload(org.springframework.web.multipart.MultipartFile)
2018-06-01 09:39:43 -Mapped "{[/user/doLogin],methods=[POST]}" onto public java.lang.String com.rongshu.houseweb.controller.UserController.doLogin(java.lang.String,java.lang.String,org.springframework.ui.Model,org.apache.catalina.servlet4preview.http.HttpServletRequest)
2018-06-01 09:39:43 -Mapped "{[/user/login],methods=[GET]}" onto public java.lang.String com.rongshu.houseweb.controller.UserController.login()
2018-06-01 09:39:43 -Mapped "{[/error]}" onto public org.springframework.http.ResponseEntity<java.util.Map<java.lang.String, java.lang.Object>> org.springframework.boot.autoconfigure.web.BasicErrorController.error(javax.servlet.http.HttpServletRequest)
2018-06-01 09:39:43 -Mapped "{[/error],produces=[text/html]}" onto public org.springframework.web.servlet.ModelAndView org.springframework.boot.autoconfigure.web.BasicErrorController.errorHtml(javax.servlet.http.HttpServletRequest,javax.servlet.http.HttpServletResponse)
2018-06-01 09:39:43 -Mapped URL path [/static/**] onto handler of type [class org.springframework.web.servlet.resource.ResourceHttpRequestHandler]
2018-06-01 09:39:43 -Mapped URL path [/templates/**] onto handler of type [class org.springframework.web.servlet.resource.ResourceHttpRequestHandler]
2018-06-01 09:39:43 -Looking for @ControllerAdvice: org.springframework.boot.context.embedded.AnnotationConfigEmbeddedWebApplicationContext@120e9696: startup date [Fri Jun 01 09:39:39 CST 2018]; root of context hierarchy
2018-06-01 09:39:45 -LiveReload server is running on port 35729
2018-06-01 09:39:45 -Registering beans for JMX exposure on startup
2018-06-01 09:39:45 -Bean with name 'druidDataSource' has been autodetected for JMX exposure
2018-06-01 09:39:45 -Located MBean 'druidDataSource': registering with JMX server as MBean [com.alibaba.druid.pool:name=druidDataSource,type=DruidDataSource]
2018-06-01 09:39:45 -Initializing ProtocolHandler ["http-nio-80"]
2018-06-01 09:39:45 -Starting ProtocolHandler ["http-nio-80"]
2018-06-01 09:39:45 -Using a shared selector for servlet write/read
2018-06-01 09:39:45 -Tomcat started on port(s): 80 (http)
2018-06-01 09:39:45 -Started HousewebApplication in 6.894 seconds (JVM running for 8.649)
2018-06-01 09:39:50 -Initializing Spring FrameworkServlet 'dispatcherServlet'
2018-06-01 09:39:50 -FrameworkServlet 'dispatcherServlet': initialization started
2018-06-01 09:39:51 -FrameworkServlet 'dispatcherServlet': initialization completed in 35 ms
2018-06-01 09:39:51 -[THYMELEAF] INITIALIZING TEMPLATE ENGINE
2018-06-01 09:39:51 -[THYMELEAF] INITIALIZING TEMPLATE RESOLVER: org.thymeleaf.spring4.templateresolver.SpringResourceTemplateResolver
2018-06-01 09:39:51 -[THYMELEAF] TEMPLATE RESOLVER INITIALIZED OK
2018-06-01 09:39:51 -[THYMELEAF] INITIALIZING MESSAGE RESOLVER: org.thymeleaf.spring4.messageresolver.SpringMessageResolver
2018-06-01 09:39:51 -[THYMELEAF] MESSAGE RESOLVER INITIALIZED OK
2018-06-01 09:39:51 -[THYMELEAF] TEMPLATE ENGINE CONFIGURATION:
[THYMELEAF] * Cache Factory implementation: org.thymeleaf.cache.StandardCacheManager
[THYMELEAF] * Template modes:
[THYMELEAF]     * VALIDXHTML
[THYMELEAF]     * LEGACYHTML5
[THYMELEAF]     * VALIDXML
[THYMELEAF]     * XML
[THYMELEAF]     * XHTML
[THYMELEAF]     * HTML5
[THYMELEAF] * Template resolvers (in order):
[THYMELEAF]     * org.thymeleaf.spring4.templateresolver.SpringResourceTemplateResolver
[THYMELEAF] * Message resolvers (in order):
[THYMELEAF]     * org.thymeleaf.spring4.messageresolver.SpringMessageResolver
[THYMELEAF] * Dialect [1 of 2]: org.thymeleaf.spring4.dialect.SpringStandardDialect
[THYMELEAF]     * Prefix: "th"
[THYMELEAF] * Dialect [2 of 2]: nz.net.ultraq.thymeleaf.LayoutDialect
[THYMELEAF]     * Prefix: "layout"
[THYMELEAF] TEMPLATE ENGINE CONFIGURED OK
2018-06-01 09:39:51 -[THYMELEAF] TEMPLATE ENGINE INITIALIZED
2018-06-01 10:07:20 -HV000001: Hibernate Validator 5.3.6.Final
2018-06-01 10:07:21 -Starting HousewebApplication on EDZ-20180112RDD with PID 9172 (D:\workspace\bootdo\HouseWeb\target\classes started by Administrator in D:\workspace\bootdo\HouseWeb)
2018-06-01 10:07:21 -Running with Spring Boot v1.5.9.RELEASE, Spring v4.3.13.RELEASE
2018-06-01 10:07:21 -No active profile set, falling back to default profiles: default
2018-06-01 10:07:21 -Refreshing org.springframework.boot.context.embedded.AnnotationConfigEmbeddedWebApplicationContext@4d5578c6: startup date [Fri Jun 01 10:07:21 CST 2018]; root of context hierarchy
2018-06-01 10:07:23 -Tomcat initialized with port(s): 80 (http)
2018-06-01 10:07:23 -Starting service [Tomcat]
2018-06-01 10:07:23 -Starting Servlet Engine: Apache Tomcat/8.5.23
2018-06-01 10:07:23 -Initializing Spring embedded WebApplicationContext
2018-06-01 10:07:23 -Root WebApplicationContext: initialization completed in 2389 ms
2018-06-01 10:07:24 -Mapping servlet: 'dispatcherServlet' to [/]
2018-06-01 10:07:24 -Mapping filter: 'characterEncodingFilter' to: [/*]
2018-06-01 10:07:24 ->>>>>>>>>>>>>>>>>>>>>>Druid DataSource init>>>>>>>>>>>
2018-06-01 10:07:24 -Mapped "{[/house/add],methods=[GET]}" onto public java.lang.String com.rongshu.houseweb.controller.HouseController.add()
2018-06-01 10:07:24 -Mapped "{[/house/list],methods=[GET]}" onto public java.lang.String com.rongshu.houseweb.controller.HouseController.list()
2018-06-01 10:07:24 -Mapped "{[/house/save],methods=[POST]}" onto public java.lang.String com.rongshu.houseweb.controller.HouseController.save(javax.servlet.http.HttpServletRequest,com.rongshu.houseweb.entity.HouseInfo,org.springframework.ui.Model)
2018-06-01 10:07:24 -Mapped "{[/house/query],methods=[GET]}" onto public com.rongshu.houseweb.vo.EasyUIResult com.rongshu.houseweb.controller.HouseController.query(java.lang.Integer,java.lang.Integer)
2018-06-01 10:07:24 -Mapped "{[/house/edit],methods=[GET]}" onto public java.lang.String com.rongshu.houseweb.controller.HouseController.edit(java.lang.Long)
2018-06-01 10:07:24 -Mapped "{[/house/delete]}" onto public com.rongshu.houseweb.vo.SysResult com.rongshu.houseweb.controller.HouseController.deleteItem(java.lang.Long[])
2018-06-01 10:07:24 -Mapped "{[/index/home],methods=[GET]}" onto public java.lang.String com.rongshu.houseweb.controller.IndexController.home()
2018-06-01 10:07:24 -Mapped "{[/pic/upload]}" onto public com.rongshu.houseweb.vo.PicUploadResult com.rongshu.houseweb.controller.PicUploadController.picUpload(org.springframework.web.multipart.MultipartFile)
2018-06-01 10:07:24 -Mapped "{[/user/doLogin],methods=[POST]}" onto public java.lang.String com.rongshu.houseweb.controller.UserController.doLogin(java.lang.String,java.lang.String,org.springframework.ui.Model,org.apache.catalina.servlet4preview.http.HttpServletRequest)
2018-06-01 10:07:24 -Mapped "{[/user/login],methods=[GET]}" onto public java.lang.String com.rongshu.houseweb.controller.UserController.login()
2018-06-01 10:07:24 -Mapped "{[/error]}" onto public org.springframework.http.ResponseEntity<java.util.Map<java.lang.String, java.lang.Object>> org.springframework.boot.autoconfigure.web.BasicErrorController.error(javax.servlet.http.HttpServletRequest)
2018-06-01 10:07:24 -Mapped "{[/error],produces=[text/html]}" onto public org.springframework.web.servlet.ModelAndView org.springframework.boot.autoconfigure.web.BasicErrorController.errorHtml(javax.servlet.http.HttpServletRequest,javax.servlet.http.HttpServletResponse)
2018-06-01 10:07:24 -Mapped URL path [/static/**] onto handler of type [class org.springframework.web.servlet.resource.ResourceHttpRequestHandler]
2018-06-01 10:07:24 -Mapped URL path [/templates/**] onto handler of type [class org.springframework.web.servlet.resource.ResourceHttpRequestHandler]
2018-06-01 10:07:24 -Looking for @ControllerAdvice: org.springframework.boot.context.embedded.AnnotationConfigEmbeddedWebApplicationContext@4d5578c6: startup date [Fri Jun 01 10:07:21 CST 2018]; root of context hierarchy
2018-06-01 10:07:25 -LiveReload server is running on port 35729
2018-06-01 10:07:25 -Registering beans for JMX exposure on startup
2018-06-01 10:07:25 -Bean with name 'druidDataSource' has been autodetected for JMX exposure
2018-06-01 10:07:25 -Located MBean 'druidDataSource': registering with JMX server as MBean [com.alibaba.druid.pool:name=druidDataSource,type=DruidDataSource]
2018-06-01 10:07:25 -Initializing ProtocolHandler ["http-nio-80"]
2018-06-01 10:07:25 -Starting ProtocolHandler ["http-nio-80"]
2018-06-01 10:07:25 -Using a shared selector for servlet write/read
2018-06-01 10:07:25 -Tomcat started on port(s): 80 (http)
2018-06-01 10:07:25 -Started HousewebApplication in 6.112 seconds (JVM running for 7.537)
2018-06-01 10:07:41 -Initializing Spring FrameworkServlet 'dispatcherServlet'
2018-06-01 10:07:41 -FrameworkServlet 'dispatcherServlet': initialization started
2018-06-01 10:07:41 -FrameworkServlet 'dispatcherServlet': initialization completed in 26 ms
2018-06-01 10:07:41 -[THYMELEAF] INITIALIZING TEMPLATE ENGINE
2018-06-01 10:07:41 -[THYMELEAF] INITIALIZING TEMPLATE RESOLVER: org.thymeleaf.spring4.templateresolver.SpringResourceTemplateResolver
2018-06-01 10:07:41 -[THYMELEAF] TEMPLATE RESOLVER INITIALIZED OK
2018-06-01 10:07:41 -[THYMELEAF] INITIALIZING MESSAGE RESOLVER: org.thymeleaf.spring4.messageresolver.SpringMessageResolver
2018-06-01 10:07:41 -[THYMELEAF] MESSAGE RESOLVER INITIALIZED OK
2018-06-01 10:07:41 -[THYMELEAF] TEMPLATE ENGINE CONFIGURATION:
[THYMELEAF] * Cache Factory implementation: org.thymeleaf.cache.StandardCacheManager
[THYMELEAF] * Template modes:
[THYMELEAF]     * VALIDXHTML
[THYMELEAF]     * XML
[THYMELEAF]     * VALIDXML
[THYMELEAF]     * XHTML
[THYMELEAF]     * HTML5
[THYMELEAF]     * LEGACYHTML5
[THYMELEAF] * Template resolvers (in order):
[THYMELEAF]     * org.thymeleaf.spring4.templateresolver.SpringResourceTemplateResolver
[THYMELEAF] * Message resolvers (in order):
[THYMELEAF]     * org.thymeleaf.spring4.messageresolver.SpringMessageResolver
[THYMELEAF] * Dialect [1 of 2]: org.thymeleaf.spring4.dialect.SpringStandardDialect
[THYMELEAF]     * Prefix: "th"
[THYMELEAF] * Dialect [2 of 2]: nz.net.ultraq.thymeleaf.LayoutDialect
[THYMELEAF]     * Prefix: "layout"
[THYMELEAF] TEMPLATE ENGINE CONFIGURED OK
2018-06-01 10:07:41 -[THYMELEAF] TEMPLATE ENGINE INITIALIZED
2018-06-01 10:08:33 -Starting HousewebApplication on EDZ-20180112RDD with PID 10896 (D:\workspace\bootdo\HouseWeb\target\classes started by Administrator in D:\workspace\bootdo\HouseWeb)
2018-06-01 10:08:33 -Running with Spring Boot v1.5.9.RELEASE, Spring v4.3.13.RELEASE
2018-06-01 10:08:33 -No active profile set, falling back to default profiles: default
2018-06-01 10:08:33 -HV000001: Hibernate Validator 5.3.6.Final
2018-06-01 10:08:33 -Refreshing org.springframework.boot.context.embedded.AnnotationConfigEmbeddedWebApplicationContext@463b9794: startup date [Fri Jun 01 10:08:33 CST 2018]; root of context hierarchy
2018-06-01 10:08:35 -Tomcat initialized with port(s): 80 (http)
2018-06-01 10:08:35 -Starting service [Tomcat]
2018-06-01 10:08:35 -Starting Servlet Engine: Apache Tomcat/8.5.23
2018-06-01 10:08:35 -Initializing Spring embedded WebApplicationContext
2018-06-01 10:08:35 -Root WebApplicationContext: initialization completed in 2075 ms
2018-06-01 10:08:35 -Mapping servlet: 'dispatcherServlet' to [/]
2018-06-01 10:08:35 -Mapping filter: 'characterEncodingFilter' to: [/*]
2018-06-01 10:08:36 ->>>>>>>>>>>>>>>>>>>>>>Druid DataSource init>>>>>>>>>>>
2018-06-01 10:08:36 -Mapped "{[/house/add],methods=[GET]}" onto public java.lang.String com.rongshu.houseweb.controller.HouseController.add()
2018-06-01 10:08:36 -Mapped "{[/house/list],methods=[GET]}" onto public java.lang.String com.rongshu.houseweb.controller.HouseController.list()
2018-06-01 10:08:36 -Mapped "{[/house/save],methods=[POST]}" onto public java.lang.String com.rongshu.houseweb.controller.HouseController.save(javax.servlet.http.HttpServletRequest,com.rongshu.houseweb.entity.HouseInfo,org.springframework.ui.Model)
2018-06-01 10:08:36 -Mapped "{[/house/query],methods=[GET]}" onto public com.rongshu.houseweb.vo.EasyUIResult com.rongshu.houseweb.controller.HouseController.query(java.lang.Integer,java.lang.Integer)
2018-06-01 10:08:36 -Mapped "{[/house/edit],methods=[GET]}" onto public java.lang.String com.rongshu.houseweb.controller.HouseController.edit(java.lang.Long)
2018-06-01 10:08:36 -Mapped "{[/house/delete]}" onto public com.rongshu.houseweb.vo.SysResult com.rongshu.houseweb.controller.HouseController.deleteItem(java.lang.Long[])
2018-06-01 10:08:36 -Mapped "{[/index/home],methods=[GET]}" onto public java.lang.String com.rongshu.houseweb.controller.IndexController.home()
2018-06-01 10:08:36 -Mapped "{[/pic/upload]}" onto public com.rongshu.houseweb.vo.PicUploadResult com.rongshu.houseweb.controller.PicUploadController.picUpload(org.springframework.web.multipart.MultipartFile)
2018-06-01 10:08:36 -Mapped "{[/user/doLogin],methods=[POST]}" onto public java.lang.String com.rongshu.houseweb.controller.UserController.doLogin(java.lang.String,java.lang.String,org.springframework.ui.Model,org.apache.catalina.servlet4preview.http.HttpServletRequest)
2018-06-01 10:08:36 -Mapped "{[/user/login],methods=[GET]}" onto public java.lang.String com.rongshu.houseweb.controller.UserController.login()
2018-06-01 10:08:36 -Mapped "{[/error]}" onto public org.springframework.http.ResponseEntity<java.util.Map<java.lang.String, java.lang.Object>> org.springframework.boot.autoconfigure.web.BasicErrorController.error(javax.servlet.http.HttpServletRequest)
2018-06-01 10:08:36 -Mapped "{[/error],produces=[text/html]}" onto public org.springframework.web.servlet.ModelAndView org.springframework.boot.autoconfigure.web.BasicErrorController.errorHtml(javax.servlet.http.HttpServletRequest,javax.servlet.http.HttpServletResponse)
2018-06-01 10:08:36 -Mapped URL path [/static/**] onto handler of type [class org.springframework.web.servlet.resource.ResourceHttpRequestHandler]
2018-06-01 10:08:36 -Mapped URL path [/templates/**] onto handler of type [class org.springframework.web.servlet.resource.ResourceHttpRequestHandler]
2018-06-01 10:08:36 -Looking for @ControllerAdvice: org.springframework.boot.context.embedded.AnnotationConfigEmbeddedWebApplicationContext@463b9794: startup date [Fri Jun 01 10:08:33 CST 2018]; root of context hierarchy
2018-06-01 10:08:37 -LiveReload server is running on port 35729
2018-06-01 10:08:37 -Registering beans for JMX exposure on startup
2018-06-01 10:08:37 -Bean with name 'druidDataSource' has been autodetected for JMX exposure
2018-06-01 10:08:37 -Located MBean 'druidDataSource': registering with JMX server as MBean [com.alibaba.druid.pool:name=druidDataSource,type=DruidDataSource]
2018-06-01 10:08:37 -Initializing ProtocolHandler ["http-nio-80"]
2018-06-01 10:08:37 -Starting ProtocolHandler ["http-nio-80"]
2018-06-01 10:08:37 -Using a shared selector for servlet write/read
2018-06-01 10:08:37 -Tomcat started on port(s): 80 (http)
2018-06-01 10:08:37 -Started HousewebApplication in 4.828 seconds (JVM running for 6.1)
2018-06-01 10:08:42 -Initializing Spring FrameworkServlet 'dispatcherServlet'
2018-06-01 10:08:42 -FrameworkServlet 'dispatcherServlet': initialization started
2018-06-01 10:08:42 -FrameworkServlet 'dispatcherServlet': initialization completed in 31 ms
2018-06-01 10:08:42 -[THYMELEAF] INITIALIZING TEMPLATE ENGINE
2018-06-01 10:08:42 -[THYMELEAF] INITIALIZING TEMPLATE RESOLVER: org.thymeleaf.spring4.templateresolver.SpringResourceTemplateResolver
2018-06-01 10:08:42 -[THYMELEAF] TEMPLATE RESOLVER INITIALIZED OK
2018-06-01 10:08:42 -[THYMELEAF] INITIALIZING MESSAGE RESOLVER: org.thymeleaf.spring4.messageresolver.SpringMessageResolver
2018-06-01 10:08:42 -[THYMELEAF] MESSAGE RESOLVER INITIALIZED OK
2018-06-01 10:08:42 -[THYMELEAF] TEMPLATE ENGINE CONFIGURATION:
[THYMELEAF] * Cache Factory implementation: org.thymeleaf.cache.StandardCacheManager
[THYMELEAF] * Template modes:
[THYMELEAF]     * VALIDXHTML
[THYMELEAF]     * XHTML
[THYMELEAF]     * HTML5
[THYMELEAF]     * XML
[THYMELEAF]     * VALIDXML
[THYMELEAF]     * LEGACYHTML5
[THYMELEAF] * Template resolvers (in order):
[THYMELEAF]     * org.thymeleaf.spring4.templateresolver.SpringResourceTemplateResolver
[THYMELEAF] * Message resolvers (in order):
[THYMELEAF]     * org.thymeleaf.spring4.messageresolver.SpringMessageResolver
[THYMELEAF] * Dialect [1 of 2]: org.thymeleaf.spring4.dialect.SpringStandardDialect
[THYMELEAF]     * Prefix: "th"
[THYMELEAF] * Dialect [2 of 2]: nz.net.ultraq.thymeleaf.LayoutDialect
[THYMELEAF]     * Prefix: "layout"
[THYMELEAF] TEMPLATE ENGINE CONFIGURED OK
2018-06-01 10:08:42 -[THYMELEAF] TEMPLATE ENGINE INITIALIZED
2018-06-01 10:14:53 -Starting HousewebApplication on EDZ-20180112RDD with PID 5964 (D:\workspace\bootdo\HouseWeb\target\classes started by Administrator in D:\workspace\bootdo\HouseWeb)
2018-06-01 10:14:53 -Running with Spring Boot v1.5.9.RELEASE, Spring v4.3.13.RELEASE
2018-06-01 10:14:53 -No active profile set, falling back to default profiles: default
2018-06-01 10:14:53 -HV000001: Hibernate Validator 5.3.6.Final
2018-06-01 10:14:53 -Refreshing org.springframework.boot.context.embedded.AnnotationConfigEmbeddedWebApplicationContext@bdf9f00: startup date [Fri Jun 01 10:14:53 CST 2018]; root of context hierarchy
2018-06-01 10:14:55 -Tomcat initialized with port(s): 80 (http)
2018-06-01 10:14:55 -Starting service [Tomcat]
2018-06-01 10:14:55 -Starting Servlet Engine: Apache Tomcat/8.5.23
2018-06-01 10:14:55 -Initializing Spring embedded WebApplicationContext
2018-06-01 10:14:55 -Root WebApplicationContext: initialization completed in 2398 ms
2018-06-01 10:14:56 -Mapping servlet: 'dispatcherServlet' to [/]
2018-06-01 10:14:56 -Mapping filter: 'characterEncodingFilter' to: [/*]
2018-06-01 10:14:56 ->>>>>>>>>>>>>>>>>>>>>>Druid DataSource init>>>>>>>>>>>
2018-06-01 10:14:56 -Mapped "{[/house/add],methods=[GET]}" onto public java.lang.String com.rongshu.houseweb.controller.HouseController.add()
2018-06-01 10:14:56 -Mapped "{[/house/list],methods=[GET]}" onto public java.lang.String com.rongshu.houseweb.controller.HouseController.list()
2018-06-01 10:14:56 -Mapped "{[/house/save],methods=[POST]}" onto public java.lang.String com.rongshu.houseweb.controller.HouseController.save(javax.servlet.http.HttpServletRequest,com.rongshu.houseweb.entity.HouseInfo,org.springframework.ui.Model)
2018-06-01 10:14:56 -Mapped "{[/house/query],methods=[GET]}" onto public com.rongshu.houseweb.vo.EasyUIResult com.rongshu.houseweb.controller.HouseController.query(java.lang.Integer,java.lang.Integer)
2018-06-01 10:14:56 -Mapped "{[/house/edit],methods=[GET]}" onto public java.lang.String com.rongshu.houseweb.controller.HouseController.edit(java.lang.Long)
2018-06-01 10:14:56 -Mapped "{[/house/delete]}" onto public com.rongshu.houseweb.vo.SysResult com.rongshu.houseweb.controller.HouseController.deleteItem(java.lang.Long[])
2018-06-01 10:14:56 -Mapped "{[/index/home],methods=[GET]}" onto public java.lang.String com.rongshu.houseweb.controller.IndexController.home()
2018-06-01 10:14:56 -Mapped "{[/pic/upload]}" onto public com.rongshu.houseweb.vo.PicUploadResult com.rongshu.houseweb.controller.PicUploadController.picUpload(org.springframework.web.multipart.MultipartFile)
2018-06-01 10:14:56 -Mapped "{[/user/doLogin],methods=[POST]}" onto public java.lang.String com.rongshu.houseweb.controller.UserController.doLogin(java.lang.String,java.lang.String,org.springframework.ui.Model,org.apache.catalina.servlet4preview.http.HttpServletRequest)
2018-06-01 10:14:56 -Mapped "{[/user/login],methods=[GET]}" onto public java.lang.String com.rongshu.houseweb.controller.UserController.login()
2018-06-01 10:14:56 -Mapped "{[/error]}" onto public org.springframework.http.ResponseEntity<java.util.Map<java.lang.String, java.lang.Object>> org.springframework.boot.autoconfigure.web.BasicErrorController.error(javax.servlet.http.HttpServletRequest)
2018-06-01 10:14:56 -Mapped "{[/error],produces=[text/html]}" onto public org.springframework.web.servlet.ModelAndView org.springframework.boot.autoconfigure.web.BasicErrorController.errorHtml(javax.servlet.http.HttpServletRequest,javax.servlet.http.HttpServletResponse)
2018-06-01 10:14:56 -Mapped URL path [/static/**] onto handler of type [class org.springframework.web.servlet.resource.ResourceHttpRequestHandler]
2018-06-01 10:14:56 -Mapped URL path [/templates/**] onto handler of type [class org.springframework.web.servlet.resource.ResourceHttpRequestHandler]
2018-06-01 10:14:56 -Looking for @ControllerAdvice: org.springframework.boot.context.embedded.AnnotationConfigEmbeddedWebApplicationContext@bdf9f00: startup date [Fri Jun 01 10:14:53 CST 2018]; root of context hierarchy
2018-06-01 10:14:57 -LiveReload server is running on port 35729
2018-06-01 10:14:58 -Registering beans for JMX exposure on startup
2018-06-01 10:14:58 -Bean with name 'druidDataSource' has been autodetected for JMX exposure
2018-06-01 10:14:58 -Located MBean 'druidDataSource': registering with JMX server as MBean [com.alibaba.druid.pool:name=druidDataSource,type=DruidDataSource]
2018-06-01 10:14:58 -Initializing ProtocolHandler ["http-nio-80"]
2018-06-01 10:14:58 -Starting ProtocolHandler ["http-nio-80"]
2018-06-01 10:14:58 -Using a shared selector for servlet write/read
2018-06-01 10:14:58 -Tomcat started on port(s): 80 (http)
2018-06-01 10:14:58 -Started HousewebApplication in 6.218 seconds (JVM running for 7.69)
2018-06-01 10:15:09 -Initializing Spring FrameworkServlet 'dispatcherServlet'
2018-06-01 10:15:09 -FrameworkServlet 'dispatcherServlet': initialization started
2018-06-01 10:15:09 -FrameworkServlet 'dispatcherServlet': initialization completed in 24 ms
2018-06-01 10:15:09 -[THYMELEAF] INITIALIZING TEMPLATE ENGINE
2018-06-01 10:15:09 -[THYMELEAF] INITIALIZING TEMPLATE RESOLVER: org.thymeleaf.spring4.templateresolver.SpringResourceTemplateResolver
2018-06-01 10:15:09 -[THYMELEAF] TEMPLATE RESOLVER INITIALIZED OK
2018-06-01 10:15:09 -[THYMELEAF] INITIALIZING MESSAGE RESOLVER: org.thymeleaf.spring4.messageresolver.SpringMessageResolver
2018-06-01 10:15:09 -[THYMELEAF] MESSAGE RESOLVER INITIALIZED OK
2018-06-01 10:15:09 -[THYMELEAF] TEMPLATE ENGINE CONFIGURATION:
[THYMELEAF] * Cache Factory implementation: org.thymeleaf.cache.StandardCacheManager
[THYMELEAF] * Template modes:
[THYMELEAF]     * HTML5
[THYMELEAF]     * VALIDXHTML
[THYMELEAF]     * XHTML
[THYMELEAF]     * LEGACYHTML5
[THYMELEAF]     * VALIDXML
[THYMELEAF]     * XML
[THYMELEAF] * Template resolvers (in order):
[THYMELEAF]     * org.thymeleaf.spring4.templateresolver.SpringResourceTemplateResolver
[THYMELEAF] * Message resolvers (in order):
[THYMELEAF]     * org.thymeleaf.spring4.messageresolver.SpringMessageResolver
[THYMELEAF] * Dialect [1 of 2]: org.thymeleaf.spring4.dialect.SpringStandardDialect
[THYMELEAF]     * Prefix: "th"
[THYMELEAF] * Dialect [2 of 2]: nz.net.ultraq.thymeleaf.LayoutDialect
[THYMELEAF]     * Prefix: "layout"
[THYMELEAF] TEMPLATE ENGINE CONFIGURED OK
2018-06-01 10:15:09 -[THYMELEAF] TEMPLATE ENGINE INITIALIZED
2018-06-01 10:21:44 -Starting HousewebApplication on EDZ-20180112RDD with PID 7620 (D:\workspace\bootdo\HouseWeb\target\classes started by Administrator in D:\workspace\bootdo\HouseWeb)
2018-06-01 10:21:44 -Running with Spring Boot v1.5.9.RELEASE, Spring v4.3.13.RELEASE
2018-06-01 10:21:44 -No active profile set, falling back to default profiles: default
2018-06-01 10:21:44 -HV000001: Hibernate Validator 5.3.6.Final
2018-06-01 10:21:44 -Refreshing org.springframework.boot.context.embedded.AnnotationConfigEmbeddedWebApplicationContext@52f562a7: startup date [Fri Jun 01 10:21:44 CST 2018]; root of context hierarchy
2018-06-01 10:21:46 -Tomcat initialized with port(s): 80 (http)
2018-06-01 10:21:46 -Starting service [Tomcat]
2018-06-01 10:21:46 -Starting Servlet Engine: Apache Tomcat/8.5.23
2018-06-01 10:21:47 -Initializing Spring embedded WebApplicationContext
2018-06-01 10:21:47 -Root WebApplicationContext: initialization completed in 2312 ms
2018-06-01 10:21:47 -Mapping servlet: 'dispatcherServlet' to [/]
2018-06-01 10:21:47 -Mapping filter: 'characterEncodingFilter' to: [/*]
2018-06-01 10:21:47 ->>>>>>>>>>>>>>>>>>>>>>Druid DataSource init>>>>>>>>>>>
2018-06-01 10:21:47 -Mapped "{[/house/add],methods=[GET]}" onto public java.lang.String com.rongshu.houseweb.controller.HouseController.add()
2018-06-01 10:21:47 -Mapped "{[/house/list],methods=[GET]}" onto public java.lang.String com.rongshu.houseweb.controller.HouseController.list()
2018-06-01 10:21:47 -Mapped "{[/house/save],methods=[POST]}" onto public java.lang.String com.rongshu.houseweb.controller.HouseController.save(javax.servlet.http.HttpServletRequest,com.rongshu.houseweb.entity.HouseInfo,org.springframework.ui.Model)
2018-06-01 10:21:47 -Mapped "{[/house/query],methods=[GET]}" onto public com.rongshu.houseweb.vo.EasyUIResult com.rongshu.houseweb.controller.HouseController.query(java.lang.Integer,java.lang.Integer)
2018-06-01 10:21:47 -Mapped "{[/house/edit],methods=[GET]}" onto public java.lang.String com.rongshu.houseweb.controller.HouseController.edit(java.lang.Long)
2018-06-01 10:21:47 -Mapped "{[/house/delete]}" onto public com.rongshu.houseweb.vo.SysResult com.rongshu.houseweb.controller.HouseController.deleteItem(java.lang.Long[])
2018-06-01 10:21:47 -Mapped "{[/index/home],methods=[GET]}" onto public java.lang.String com.rongshu.houseweb.controller.IndexController.home()
2018-06-01 10:21:47 -Mapped "{[/pic/upload]}" onto public com.rongshu.houseweb.vo.PicUploadResult com.rongshu.houseweb.controller.PicUploadController.picUpload(org.springframework.web.multipart.MultipartFile)
2018-06-01 10:21:47 -Mapped "{[/user/doLogin],methods=[POST]}" onto public java.lang.String com.rongshu.houseweb.controller.UserController.doLogin(java.lang.String,java.lang.String,org.springframework.ui.Model,org.apache.catalina.servlet4preview.http.HttpServletRequest)
2018-06-01 10:21:47 -Mapped "{[/user/login],methods=[GET]}" onto public java.lang.String com.rongshu.houseweb.controller.UserController.login()
2018-06-01 10:21:47 -Mapped "{[/error]}" onto public org.springframework.http.ResponseEntity<java.util.Map<java.lang.String, java.lang.Object>> org.springframework.boot.autoconfigure.web.BasicErrorController.error(javax.servlet.http.HttpServletRequest)
2018-06-01 10:21:47 -Mapped "{[/error],produces=[text/html]}" onto public org.springframework.web.servlet.ModelAndView org.springframework.boot.autoconfigure.web.BasicErrorController.errorHtml(javax.servlet.http.HttpServletRequest,javax.servlet.http.HttpServletResponse)
2018-06-01 10:21:47 -Mapped URL path [/static/**] onto handler of type [class org.springframework.web.servlet.resource.ResourceHttpRequestHandler]
2018-06-01 10:21:47 -Mapped URL path [/templates/**] onto handler of type [class org.springframework.web.servlet.resource.ResourceHttpRequestHandler]
2018-06-01 10:21:48 -Looking for @ControllerAdvice: org.springframework.boot.context.embedded.AnnotationConfigEmbeddedWebApplicationContext@52f562a7: startup date [Fri Jun 01 10:21:44 CST 2018]; root of context hierarchy
2018-06-01 10:21:49 -LiveReload server is running on port 35729
2018-06-01 10:21:49 -Registering beans for JMX exposure on startup
2018-06-01 10:21:49 -Bean with name 'druidDataSource' has been autodetected for JMX exposure
2018-06-01 10:21:49 -Located MBean 'druidDataSource': registering with JMX server as MBean [com.alibaba.druid.pool:name=druidDataSource,type=DruidDataSource]
2018-06-01 10:21:49 -Initializing ProtocolHandler ["http-nio-80"]
2018-06-01 10:21:49 -Starting ProtocolHandler ["http-nio-80"]
2018-06-01 10:21:49 -Failed to start end point associated with ProtocolHandler ["http-nio-80"]
java.net.BindException: Address already in use: bind
	at sun.nio.ch.Net.bind0(Native Method)
	at sun.nio.ch.Net.bind(Net.java:433)
	at sun.nio.ch.Net.bind(Net.java:425)
	at sun.nio.ch.ServerSocketChannelImpl.bind(ServerSocketChannelImpl.java:223)
	at sun.nio.ch.ServerSocketAdaptor.bind(ServerSocketAdaptor.java:74)
	at org.apache.tomcat.util.net.NioEndpoint.bind(NioEndpoint.java:210)
	at org.apache.tomcat.util.net.AbstractEndpoint.start(AbstractEndpoint.java:990)
	at org.apache.coyote.AbstractProtocol.start(AbstractProtocol.java:635)
	at org.apache.catalina.connector.Connector.startInternal(Connector.java:1022)
	at org.apache.catalina.util.LifecycleBase.start(LifecycleBase.java:150)
	at org.apache.catalina.core.StandardService.addConnector(StandardService.java:225)
	at org.springframework.boot.context.embedded.tomcat.TomcatEmbeddedServletContainer.addPreviouslyRemovedConnectors(TomcatEmbeddedServletContainer.java:250)
	at org.springframework.boot.context.embedded.tomcat.TomcatEmbeddedServletContainer.start(TomcatEmbeddedServletContainer.java:193)
	at org.springframework.boot.context.embedded.EmbeddedWebApplicationContext.startEmbeddedServletContainer(EmbeddedWebApplicationContext.java:297)
	at org.springframework.boot.context.embedded.EmbeddedWebApplicationContext.finishRefresh(EmbeddedWebApplicationContext.java:145)
	at org.springframework.context.support.AbstractApplicationContext.refresh(AbstractApplicationContext.java:546)
	at org.springframework.boot.context.embedded.EmbeddedWebApplicationContext.refresh(EmbeddedWebApplicationContext.java:122)
	at org.springframework.boot.SpringApplication.refresh(SpringApplication.java:693)
	at org.springframework.boot.SpringApplication.refreshContext(SpringApplication.java:360)
	at org.springframework.boot.SpringApplication.run(SpringApplication.java:303)
	at org.springframework.boot.SpringApplication.run(SpringApplication.java:1118)
	at org.springframework.boot.SpringApplication.run(SpringApplication.java:1107)
	at com.rongshu.houseweb.HousewebApplication.main(HousewebApplication.java:10)
	at sun.reflect.NativeMethodAccessorImpl.invoke0(Native Method)
	at sun.reflect.NativeMethodAccessorImpl.invoke(NativeMethodAccessorImpl.java:62)
	at sun.reflect.DelegatingMethodAccessorImpl.invoke(DelegatingMethodAccessorImpl.java:43)
	at java.lang.reflect.Method.invoke(Method.java:498)
	at org.springframework.boot.devtools.restart.RestartLauncher.run(RestartLauncher.java:49)
2018-06-01 10:21:49 -Failed to start connector [Connector[HTTP/1.1-80]]
org.apache.catalina.LifecycleException: Failed to start component [Connector[HTTP/1.1-80]]
	at org.apache.catalina.util.LifecycleBase.start(LifecycleBase.java:167)
	at org.apache.catalina.core.StandardService.addConnector(StandardService.java:225)
	at org.springframework.boot.context.embedded.tomcat.TomcatEmbeddedServletContainer.addPreviouslyRemovedConnectors(TomcatEmbeddedServletContainer.java:250)
	at org.springframework.boot.context.embedded.tomcat.TomcatEmbeddedServletContainer.start(TomcatEmbeddedServletContainer.java:193)
	at org.springframework.boot.context.embedded.EmbeddedWebApplicationContext.startEmbeddedServletContainer(EmbeddedWebApplicationContext.java:297)
	at org.springframework.boot.context.embedded.EmbeddedWebApplicationContext.finishRefresh(EmbeddedWebApplicationContext.java:145)
	at org.springframework.context.support.AbstractApplicationContext.refresh(AbstractApplicationContext.java:546)
	at org.springframework.boot.context.embedded.EmbeddedWebApplicationContext.refresh(EmbeddedWebApplicationContext.java:122)
	at org.springframework.boot.SpringApplication.refresh(SpringApplication.java:693)
	at org.springframework.boot.SpringApplication.refreshContext(SpringApplication.java:360)
	at org.springframework.boot.SpringApplication.run(SpringApplication.java:303)
	at org.springframework.boot.SpringApplication.run(SpringApplication.java:1118)
	at org.springframework.boot.SpringApplication.run(SpringApplication.java:1107)
	at com.rongshu.houseweb.HousewebApplication.main(HousewebApplication.java:10)
	at sun.reflect.NativeMethodAccessorImpl.invoke0(Native Method)
	at sun.reflect.NativeMethodAccessorImpl.invoke(NativeMethodAccessorImpl.java:62)
	at sun.reflect.DelegatingMethodAccessorImpl.invoke(DelegatingMethodAccessorImpl.java:43)
	at java.lang.reflect.Method.invoke(Method.java:498)
	at org.springframework.boot.devtools.restart.RestartLauncher.run(RestartLauncher.java:49)
Caused by: org.apache.catalina.LifecycleException: service.getName(): "Tomcat";  Protocol handler start failed
	at org.apache.catalina.connector.Connector.startInternal(Connector.java:1031)
	at org.apache.catalina.util.LifecycleBase.start(LifecycleBase.java:150)
	... 18 common frames omitted
Caused by: java.net.BindException: Address already in use: bind
	at sun.nio.ch.Net.bind0(Native Method)
	at sun.nio.ch.Net.bind(Net.java:433)
	at sun.nio.ch.Net.bind(Net.java:425)
	at sun.nio.ch.ServerSocketChannelImpl.bind(ServerSocketChannelImpl.java:223)
	at sun.nio.ch.ServerSocketAdaptor.bind(ServerSocketAdaptor.java:74)
	at org.apache.tomcat.util.net.NioEndpoint.bind(NioEndpoint.java:210)
	at org.apache.tomcat.util.net.AbstractEndpoint.start(AbstractEndpoint.java:990)
	at org.apache.coyote.AbstractProtocol.start(AbstractProtocol.java:635)
	at org.apache.catalina.connector.Connector.startInternal(Connector.java:1022)
	... 19 common frames omitted
2018-06-01 10:21:49 -Pausing ProtocolHandler ["http-nio-80"]
2018-06-01 10:21:49 -Stopping service [Tomcat]
2018-06-01 10:21:49 -The stop() method was called on component [StandardServer[-1]] after stop() had already been called. The second call will be ignored.
2018-06-01 10:21:49 -Stopping ProtocolHandler ["http-nio-80"]
2018-06-01 10:21:49 -Destroying ProtocolHandler ["http-nio-80"]
2018-06-01 10:21:49 -

Error starting ApplicationContext. To display the auto-configuration report re-run your application with 'debug' enabled.
2018-06-01 10:21:49 -

***************************
APPLICATION FAILED TO START
***************************

Description:

The Tomcat connector configured to listen on port 80 failed to start. The port may already be in use or the connector may be misconfigured.

Action:

Verify the connector's configuration, identify and stop any process that's listening on port 80, or configure this application to listen on another port.

2018-06-01 10:21:49 -Closing org.springframework.boot.context.embedded.AnnotationConfigEmbeddedWebApplicationContext@52f562a7: startup date [Fri Jun 01 10:21:44 CST 2018]; root of context hierarchy
2018-06-01 10:21:49 -Unregistering JMX-exposed beans on shutdown
2018-06-01 10:21:49 -Unregistering JMX-exposed beans
2018-06-01 10:23:47 -Starting HousewebApplication on EDZ-20180112RDD with PID 6076 (D:\workspace\bootdo\HouseWeb\target\classes started by Administrator in D:\workspace\bootdo\HouseWeb)
2018-06-01 10:23:47 -Running with Spring Boot v1.5.9.RELEASE, Spring v4.3.13.RELEASE
2018-06-01 10:23:47 -No active profile set, falling back to default profiles: default
2018-06-01 10:23:48 -HV000001: Hibernate Validator 5.3.6.Final
2018-06-01 10:23:48 -Refreshing org.springframework.boot.context.embedded.AnnotationConfigEmbeddedWebApplicationContext@350e48b9: startup date [Fri Jun 01 10:23:48 CST 2018]; root of context hierarchy
2018-06-01 10:23:50 -Tomcat initialized with port(s): 8081 (http)
2018-06-01 10:23:50 -Starting service [Tomcat]
2018-06-01 10:23:50 -Starting Servlet Engine: Apache Tomcat/8.5.23
2018-06-01 10:23:50 -Initializing Spring embedded WebApplicationContext
2018-06-01 10:23:50 -Root WebApplicationContext: initialization completed in 2403 ms
2018-06-01 10:23:50 -Mapping servlet: 'dispatcherServlet' to [/]
2018-06-01 10:23:50 -Mapping filter: 'characterEncodingFilter' to: [/*]
2018-06-01 10:23:51 ->>>>>>>>>>>>>>>>>>>>>>Druid DataSource init>>>>>>>>>>>
2018-06-01 10:23:51 -Mapped "{[/house/add],methods=[GET]}" onto public java.lang.String com.rongshu.houseweb.controller.HouseController.add()
2018-06-01 10:23:51 -Mapped "{[/house/list],methods=[GET]}" onto public java.lang.String com.rongshu.houseweb.controller.HouseController.list()
2018-06-01 10:23:51 -Mapped "{[/house/save],methods=[POST]}" onto public java.lang.String com.rongshu.houseweb.controller.HouseController.save(javax.servlet.http.HttpServletRequest,com.rongshu.houseweb.entity.HouseInfo,org.springframework.ui.Model)
2018-06-01 10:23:51 -Mapped "{[/house/query],methods=[GET]}" onto public com.rongshu.houseweb.vo.EasyUIResult com.rongshu.houseweb.controller.HouseController.query(java.lang.Integer,java.lang.Integer)
2018-06-01 10:23:51 -Mapped "{[/house/edit],methods=[GET]}" onto public java.lang.String com.rongshu.houseweb.controller.HouseController.edit(java.lang.Long)
2018-06-01 10:23:51 -Mapped "{[/house/delete]}" onto public com.rongshu.houseweb.vo.SysResult com.rongshu.houseweb.controller.HouseController.deleteItem(java.lang.Long[])
2018-06-01 10:23:51 -Mapped "{[/index/home],methods=[GET]}" onto public java.lang.String com.rongshu.houseweb.controller.IndexController.home()
2018-06-01 10:23:51 -Mapped "{[/pic/upload]}" onto public com.rongshu.houseweb.vo.PicUploadResult com.rongshu.houseweb.controller.PicUploadController.picUpload(org.springframework.web.multipart.MultipartFile)
2018-06-01 10:23:51 -Mapped "{[/user/doLogin],methods=[POST]}" onto public java.lang.String com.rongshu.houseweb.controller.UserController.doLogin(java.lang.String,java.lang.String,org.springframework.ui.Model,org.apache.catalina.servlet4preview.http.HttpServletRequest)
2018-06-01 10:23:51 -Mapped "{[/user/login],methods=[GET]}" onto public java.lang.String com.rongshu.houseweb.controller.UserController.login()
2018-06-01 10:23:51 -Mapped "{[/error]}" onto public org.springframework.http.ResponseEntity<java.util.Map<java.lang.String, java.lang.Object>> org.springframework.boot.autoconfigure.web.BasicErrorController.error(javax.servlet.http.HttpServletRequest)
2018-06-01 10:23:51 -Mapped "{[/error],produces=[text/html]}" onto public org.springframework.web.servlet.ModelAndView org.springframework.boot.autoconfigure.web.BasicErrorController.errorHtml(javax.servlet.http.HttpServletRequest,javax.servlet.http.HttpServletResponse)
2018-06-01 10:23:51 -Mapped URL path [/static/**] onto handler of type [class org.springframework.web.servlet.resource.ResourceHttpRequestHandler]
2018-06-01 10:23:51 -Mapped URL path [/templates/**] onto handler of type [class org.springframework.web.servlet.resource.ResourceHttpRequestHandler]
2018-06-01 10:23:51 -Looking for @ControllerAdvice: org.springframework.boot.context.embedded.AnnotationConfigEmbeddedWebApplicationContext@350e48b9: startup date [Fri Jun 01 10:23:48 CST 2018]; root of context hierarchy
2018-06-01 10:23:52 -LiveReload server is running on port 35729
2018-06-01 10:23:52 -Registering beans for JMX exposure on startup
2018-06-01 10:23:52 -Bean with name 'druidDataSource' has been autodetected for JMX exposure
2018-06-01 10:23:52 -Located MBean 'druidDataSource': registering with JMX server as MBean [com.alibaba.druid.pool:name=druidDataSource,type=DruidDataSource]
2018-06-01 10:23:52 -Initializing ProtocolHandler ["http-nio-8081"]
2018-06-01 10:23:52 -Starting ProtocolHandler ["http-nio-8081"]
2018-06-01 10:23:52 -Using a shared selector for servlet write/read
2018-06-01 10:23:53 -Tomcat started on port(s): 8081 (http)
2018-06-01 10:23:53 -Started HousewebApplication in 6.006 seconds (JVM running for 7.927)
2018-06-01 10:24:22 -Initializing Spring FrameworkServlet 'dispatcherServlet'
2018-06-01 10:24:22 -FrameworkServlet 'dispatcherServlet': initialization started
2018-06-01 10:24:22 -FrameworkServlet 'dispatcherServlet': initialization completed in 59 ms
2018-06-01 10:24:22 -[THYMELEAF] INITIALIZING TEMPLATE ENGINE
2018-06-01 10:24:22 -[THYMELEAF] INITIALIZING TEMPLATE RESOLVER: org.thymeleaf.spring4.templateresolver.SpringResourceTemplateResolver
2018-06-01 10:24:22 -[THYMELEAF] TEMPLATE RESOLVER INITIALIZED OK
2018-06-01 10:24:22 -[THYMELEAF] INITIALIZING MESSAGE RESOLVER: org.thymeleaf.spring4.messageresolver.SpringMessageResolver
2018-06-01 10:24:22 -[THYMELEAF] MESSAGE RESOLVER INITIALIZED OK
2018-06-01 10:24:22 -[THYMELEAF] TEMPLATE ENGINE CONFIGURATION:
[THYMELEAF] * Cache Factory implementation: org.thymeleaf.cache.StandardCacheManager
[THYMELEAF] * Template modes:
[THYMELEAF]     * VALIDXHTML
[THYMELEAF]     * LEGACYHTML5
[THYMELEAF]     * XHTML
[THYMELEAF]     * VALIDXML
[THYMELEAF]     * HTML5
[THYMELEAF]     * XML
[THYMELEAF] * Template resolvers (in order):
[THYMELEAF]     * org.thymeleaf.spring4.templateresolver.SpringResourceTemplateResolver
[THYMELEAF] * Message resolvers (in order):
[THYMELEAF]     * org.thymeleaf.spring4.messageresolver.SpringMessageResolver
[THYMELEAF] * Dialect [1 of 2]: org.thymeleaf.spring4.dialect.SpringStandardDialect
[THYMELEAF]     * Prefix: "th"
[THYMELEAF] * Dialect [2 of 2]: nz.net.ultraq.thymeleaf.LayoutDialect
[THYMELEAF]     * Prefix: "layout"
[THYMELEAF] TEMPLATE ENGINE CONFIGURED OK
2018-06-01 10:24:22 -[THYMELEAF] TEMPLATE ENGINE INITIALIZED
2018-06-01 10:24:23 -No mapping found for HTTP request with URI [/favicon.ico] in DispatcherServlet with name 'dispatcherServlet'
2018-06-01 10:24:23 -{dataSource-1} inited
2018-06-01 10:24:24 -==>  Preparing: SELECT * FROM house_user WHERE username= ? AND password = ? 
2018-06-01 10:24:24 -==> Parameters: customerservice(String), 767fdfd688b0e3f48649adadf12a146a(String)
2018-06-01 10:24:24 -<==      Total: 0
2018-06-01 10:24:31 -==>  Preparing: SELECT * FROM house_user WHERE username= ? AND password = ? 
2018-06-01 10:24:31 -==> Parameters: admin(String), 7c3a1f46b0d1f5b07db1e5ecad6a08c1(String)
2018-06-01 10:24:31 -<==      Total: 1
2018-06-01 11:00:46 -No mapping found for HTTP request with URI [/favicon.ico] in DispatcherServlet with name 'dispatcherServlet'
2018-06-01 11:00:53 -==>  Preparing: SELECT * FROM house_user WHERE username= ? AND password = ? 
2018-06-01 11:00:53 -==> Parameters: admin(String), 7c3a1f46b0d1f5b07db1e5ecad6a08c1(String)
2018-06-01 11:00:53 -<==      Total: 1
2018-06-01 13:08:33 -No mapping found for HTTP request with URI [/favicon.ico] in DispatcherServlet with name 'dispatcherServlet'
2018-06-01 13:08:34 -==>  Preparing: SELECT * FROM house_user WHERE username= ? AND password = ? 
2018-06-01 13:08:34 -==> Parameters: admin(String), 7c3a1f46b0d1f5b07db1e5ecad6a08c1(String)
2018-06-01 13:08:34 -<==      Total: 1
2018-06-01 13:08:36 -==>  Preparing: SELECT count(0) FROM house_info 
2018-06-01 13:08:36 -==> Parameters: 
2018-06-01 13:08:36 -<==      Total: 1
2018-06-01 13:08:36 -==>  Preparing: select ID, hi_name, hi_avg_price, hi_attache, hi_afforestation, hi_decorate, hi_park_place, hi_plot_ratio, hi_category, hi_year, hi_management_fee, hi_construction_ratio, hi_type, hi_acreage, hi_delivery_time, hi_developer, hi_show_pic, hd_superiority_desc1, hd_superiority_desc2, hd_superiority_pic1, hd_superiority_pic2, hd_house_type_pic, hd_peripheral_matching_pic1, hd_peripheral_matching_pic2, hd_peripheral_matching_pic3, hd_peripheral_matching_desc1, hd_peripheral_matching_desc2, hd_peripheral_matching_desc3, hd_reminder_content, hd_hot_line from house_info LIMIT 20 
2018-06-01 13:08:36 -==> Parameters: 
2018-06-01 13:08:36 -<==      Total: 1
2018-06-01 13:10:22 -==>  Preparing: SELECT count(0) FROM house_info 
2018-06-01 13:10:22 -==> Parameters: 
2018-06-01 13:10:22 -<==      Total: 1
2018-06-01 13:10:22 -==>  Preparing: select ID, hi_name, hi_avg_price, hi_attache, hi_afforestation, hi_decorate, hi_park_place, hi_plot_ratio, hi_category, hi_year, hi_management_fee, hi_construction_ratio, hi_type, hi_acreage, hi_delivery_time, hi_developer, hi_show_pic, hd_superiority_desc1, hd_superiority_desc2, hd_superiority_pic1, hd_superiority_pic2, hd_house_type_pic, hd_peripheral_matching_pic1, hd_peripheral_matching_pic2, hd_peripheral_matching_pic3, hd_peripheral_matching_desc1, hd_peripheral_matching_desc2, hd_peripheral_matching_desc3, hd_reminder_content, hd_hot_line from house_info LIMIT 20 
2018-06-01 13:10:22 -==> Parameters: 
2018-06-01 13:10:22 -<==      Total: 1
2018-06-01 13:32:49 -No mapping found for HTTP request with URI [/favicon.ico] in DispatcherServlet with name 'dispatcherServlet'
2018-06-01 13:34:48 -No mapping found for HTTP request with URI [/favicon.ico] in DispatcherServlet with name 'dispatcherServlet'
